<?xml version="1.0" encoding="UTF-8"?>
<testng-results skipped="0" failed="0" total="1" passed="1">
  <reporter-output>
    <line>
      <![CDATA[Go to website's main page]]>
    </line>
    <line>
      <![CDATA[Clicking at product type]]>
    </line>
  </reporter-output>
  <suite name="Suite 1" duration-ms="42552" started-at="2013-11-12T11:20:09Z" finished-at="2013-11-12T11:20:51Z">
    <groups>
    </groups>
    <test name="testNG test1" duration-ms="42552" started-at="2013-11-12T11:20:09Z" finished-at="2013-11-12T11:20:51Z">
      <class name="com.epam.preproduction.tests.CheckItemInformation">
        <test-method status="PASS" signature="setUp()" name="setUp" is-config="true" duration-ms="5484" started-at="2013-11-12T11:20:09Z" finished-at="2013-11-12T11:20:14Z">
        </test-method>
        <test-method status="PASS" signature="configuration()" name="configuration" is-config="true" duration-ms="55" started-at="2013-11-12T11:20:14Z" finished-at="2013-11-12T11:20:14Z">
        </test-method>
        <test-method status="PASS" signature="testItemInformation(java.lang.String)" name="testItemInformation" duration-ms="36658" started-at="2013-11-12T11:20:14Z" finished-at="2013-11-12T11:20:51Z">
          <params>
            <param index="0">
              <value>
                <![CDATA[Кондиционеры]]>
              </value>
            </param>
          </params>
        </test-method>
      </class>
    </test>
  </suite>
</testng-results>
